
  .   ____          _            __ _ _
 /\\ / ___'_ __ _ _(_)_ __  __ _ \ \ \ \
( ( )\___ | '_ | '_| | '_ \/ _` | \ \ \ \
 \\/  ___)| |_)| | | | | || (_| |  ) ) ) )
  '  |____| .__|_| |_|_| |_\__, | / / / /
 =========|_|==============|___/=/_/_/_/
 :: Spring Boot ::                (v3.2.5)

2025-06-06T22:45:34.440+01:00  INFO 32405 --- [           main] c.g.s.m.MoneyTransferApplication         : Starting MoneyTransferApplication v0.0.1-SNAPSHOT using Java 17.0.15 with PID 32405 (/Users/george.baldwin/Downloads/money-transfer/target/money-transfer-0.0.1-SNAPSHOT.jar started by george.baldwin in /Users/george.baldwin/Downloads/money-transfer)
2025-06-06T22:45:34.442+01:00  INFO 32405 --- [           main] c.g.s.m.MoneyTransferApplication         : No active profile set, falling back to 1 default profile: "default"
2025-06-06T22:45:34.832+01:00  INFO 32405 --- [           main] .s.d.r.c.RepositoryConfigurationDelegate : Bootstrapping Spring Data JPA repositories in DEFAULT mode.
2025-06-06T22:45:34.862+01:00  INFO 32405 --- [           main] .s.d.r.c.RepositoryConfigurationDelegate : Finished Spring Data repository scanning in 25 ms. Found 1 JPA repository interface.
2025-06-06T22:45:35.137+01:00  INFO 32405 --- [           main] o.s.b.w.embedded.tomcat.TomcatWebServer  : Tomcat initialized with port 8080 (http)
2025-06-06T22:45:35.144+01:00  INFO 32405 --- [           main] o.apache.catalina.core.StandardService   : Starting service [Tomcat]
2025-06-06T22:45:35.144+01:00  INFO 32405 --- [           main] o.apache.catalina.core.StandardEngine    : Starting Servlet engine: [Apache Tomcat/10.1.20]
2025-06-06T22:45:35.164+01:00  INFO 32405 --- [           main] o.a.c.c.C.[Tomcat].[localhost].[/]       : Initializing Spring embedded WebApplicationContext
2025-06-06T22:45:35.164+01:00  INFO 32405 --- [           main] w.s.c.ServletWebServerApplicationContext : Root WebApplicationContext: initialization completed in 683 ms
2025-06-06T22:45:35.251+01:00  INFO 32405 --- [           main] o.hibernate.jpa.internal.util.LogHelper  : HHH000204: Processing PersistenceUnitInfo [name: default]
2025-06-06T22:45:35.288+01:00  INFO 32405 --- [           main] org.hibernate.Version                    : HHH000412: Hibernate ORM core version 6.4.4.Final
2025-06-06T22:45:35.309+01:00  INFO 32405 --- [           main] o.h.c.internal.RegionFactoryInitiator    : HHH000026: Second-level cache disabled
2025-06-06T22:45:35.435+01:00  INFO 32405 --- [           main] o.s.o.j.p.SpringPersistenceUnitInfo      : No LoadTimeWeaver setup: ignoring JPA class transformer
2025-06-06T22:45:35.452+01:00  INFO 32405 --- [           main] com.zaxxer.hikari.HikariDataSource       : HikariPool-1 - Starting...
2025-06-06T22:45:35.535+01:00  INFO 32405 --- [           main] com.zaxxer.hikari.pool.HikariPool        : HikariPool-1 - Added connection org.postgresql.jdbc.PgConnection@682e422c
2025-06-06T22:45:35.536+01:00  INFO 32405 --- [           main] com.zaxxer.hikari.HikariDataSource       : HikariPool-1 - Start completed.
2025-06-06T22:45:36.011+01:00  INFO 32405 --- [           main] o.h.e.t.j.p.i.JtaPlatformInitiator       : HHH000489: No JTA platform available (set 'hibernate.transaction.jta.platform' to enable JTA platform integration)
2025-06-06T22:45:36.067+01:00  INFO 32405 --- [           main] j.LocalContainerEntityManagerFactoryBean : Initialized JPA EntityManagerFactory for persistence unit 'default'
2025-06-06T22:45:36.196+01:00  WARN 32405 --- [           main] JpaBaseConfiguration$JpaWebConfiguration : spring.jpa.open-in-view is enabled by default. Therefore, database queries may be performed during view rendering. Explicitly configure spring.jpa.open-in-view to disable this warning
2025-06-06T22:45:36.357+01:00  INFO 32405 --- [           main] o.s.b.w.embedded.tomcat.TomcatWebServer  : Tomcat started on port 8080 (http) with context path ''
2025-06-06T22:45:36.363+01:00  INFO 32405 --- [           main] c.g.s.m.MoneyTransferApplication         : Started MoneyTransferApplication in 2.136 seconds (process running for 2.464)
2025-06-06T22:47:02.075+01:00  INFO 32405 --- [ionShutdownHook] j.LocalContainerEntityManagerFactoryBean : Closing JPA EntityManagerFactory for persistence unit 'default'
2025-06-06T22:47:02.077+01:00  INFO 32405 --- [ionShutdownHook] com.zaxxer.hikari.HikariDataSource       : HikariPool-1 - Shutdown initiated...
2025-06-06T22:47:02.079+01:00  INFO 32405 --- [ionShutdownHook] com.zaxxer.hikari.HikariDataSource       : HikariPool-1 - Shutdown completed.
